<?xml version="1.0" encoding="UTF-8"?>
<coverage generated="1770410605079" clover="3.2.0">
  <project timestamp="1770410605079" name="All files">
    <metrics statements="177" coveredstatements="108" conditionals="89" coveredconditionals="63" methods="50" coveredmethods="38" elements="316" coveredelements="209" complexity="0" loc="177" ncloc="177" packages="1" files="4" classes="4"/>
    <file name="browser.ts" path="/Users/chi/Projects/claude-browse/src/browser.ts">
      <metrics statements="89" coveredstatements="52" conditionals="37" coveredconditionals="28" methods="21" coveredmethods="17"/>
      <line num="6" count="6" type="stmt"/>
      <line num="7" count="6" type="stmt"/>
      <line num="8" count="6" type="stmt"/>
      <line num="12" count="6" type="stmt"/>
      <line num="20" count="0" type="stmt"/>
      <line num="21" count="0" type="stmt"/>
      <line num="27" count="0" type="stmt"/>
      <line num="31" count="1" type="cond" truecount="1" falsecount="1"/>
      <line num="32" count="0" type="stmt"/>
      <line num="33" count="0" type="stmt"/>
      <line num="34" count="0" type="stmt"/>
      <line num="35" count="0" type="stmt"/>
      <line num="40" count="12" type="cond" truecount="1" falsecount="1"/>
      <line num="41" count="12" type="stmt"/>
      <line num="43" count="0" type="stmt"/>
      <line num="47" count="1" type="stmt"/>
      <line num="48" count="1" type="stmt"/>
      <line num="49" count="0" type="stmt"/>
      <line num="53" count="1" type="stmt"/>
      <line num="54" count="1" type="stmt"/>
      <line num="55" count="0" type="stmt"/>
      <line num="56" count="0" type="stmt"/>
      <line num="60" count="1" type="stmt"/>
      <line num="61" count="1" type="stmt"/>
      <line num="65" count="1" type="stmt"/>
      <line num="66" count="1" type="stmt"/>
      <line num="67" count="0" type="stmt"/>
      <line num="68" count="0" type="stmt"/>
      <line num="69" count="0" type="stmt"/>
      <line num="70" count="0" type="stmt"/>
      <line num="72" count="0" type="stmt"/>
      <line num="82" count="1" type="stmt"/>
      <line num="83" count="1" type="cond" truecount="1" falsecount="1"/>
      <line num="84" count="1" type="stmt"/>
      <line num="85" count="0" type="stmt"/>
      <line num="89" count="1" type="stmt"/>
      <line num="90" count="1" type="stmt"/>
      <line num="94" count="1" type="stmt"/>
      <line num="95" count="1" type="stmt"/>
      <line num="96" count="0" type="cond" truecount="0" falsecount="2"/>
      <line num="100" count="1" type="stmt"/>
      <line num="101" count="1" type="stmt"/>
      <line num="102" count="0" type="stmt"/>
      <line num="106" count="1" type="stmt"/>
      <line num="107" count="1" type="stmt"/>
      <line num="108" count="0" type="stmt"/>
      <line num="112" count="1" type="stmt"/>
      <line num="113" count="1" type="stmt"/>
      <line num="114" count="0" type="stmt"/>
      <line num="118" count="1" type="stmt"/>
      <line num="119" count="1" type="stmt"/>
      <line num="123" count="1" type="cond" truecount="1" falsecount="1"/>
      <line num="124" count="1" type="stmt"/>
      <line num="126" count="0" type="stmt"/>
      <line num="130" count="1" type="stmt"/>
      <line num="131" count="1" type="stmt"/>
      <line num="135" count="14" type="stmt"/>
      <line num="136" count="14" type="cond" truecount="14" falsecount="1"/>
      <line num="138" count="1" type="stmt"/>
      <line num="139" count="0" type="stmt"/>
      <line num="142" count="1" type="stmt"/>
      <line num="143" count="0" type="stmt"/>
      <line num="146" count="1" type="stmt"/>
      <line num="147" count="0" type="stmt"/>
      <line num="150" count="1" type="stmt"/>
      <line num="151" count="0" type="stmt"/>
      <line num="154" count="1" type="stmt"/>
      <line num="155" count="0" type="stmt"/>
      <line num="158" count="1" type="stmt"/>
      <line num="159" count="0" type="stmt"/>
      <line num="162" count="1" type="stmt"/>
      <line num="163" count="0" type="stmt"/>
      <line num="166" count="1" type="stmt"/>
      <line num="167" count="0" type="stmt"/>
      <line num="170" count="1" type="stmt"/>
      <line num="171" count="0" type="stmt"/>
      <line num="174" count="1" type="stmt"/>
      <line num="175" count="0" type="stmt"/>
      <line num="178" count="1" type="stmt"/>
      <line num="179" count="0" type="stmt"/>
      <line num="182" count="1" type="stmt"/>
      <line num="183" count="0" type="stmt"/>
      <line num="186" count="1" type="stmt"/>
      <line num="187" count="1" type="stmt"/>
      <line num="190" count="1" type="stmt"/>
      <line num="191" count="0" type="stmt"/>
      <line num="194" count="0" type="stmt"/>
      <line num="195" count="0" type="stmt"/>
      <line num="199" count="13" type="stmt"/>
    </file>
    <file name="logger.ts" path="/Users/chi/Projects/claude-browse/src/logger.ts">
      <metrics statements="37" coveredstatements="34" conditionals="42" coveredconditionals="28" methods="16" coveredmethods="13"/>
      <line num="5" count="2" type="stmt"/>
      <line num="23" count="2" type="stmt"/>
      <line num="41" count="23" type="stmt"/>
      <line num="45" count="3" type="cond" truecount="2" falsecount="0"/>
      <line num="60" count="18" type="cond" truecount="8" falsecount="1"/>
      <line num="62" count="4" type="stmt"/>
      <line num="65" count="5" type="stmt"/>
      <line num="67" count="2" type="stmt"/>
      <line num="69" count="2" type="cond" truecount="2" falsecount="0"/>
      <line num="71" count="1" type="cond" truecount="1" falsecount="1"/>
      <line num="73" count="1" type="cond" truecount="1" falsecount="1"/>
      <line num="75" count="0" type="cond" truecount="0" falsecount="2"/>
      <line num="77" count="3" type="stmt"/>
      <line num="82" count="11" type="cond" truecount="1" falsecount="1"/>
      <line num="83" count="11" type="cond" truecount="1" falsecount="1"/>
      <line num="84" count="11" type="stmt"/>
      <line num="85" count="11" type="cond" truecount="2" falsecount="0"/>
      <line num="86" count="11" type="stmt"/>
      <line num="100" count="2" type="stmt"/>
      <line num="101" count="3" type="stmt"/>
      <line num="102" count="2" type="cond" truecount="1" falsecount="1"/>
      <line num="103" count="2" type="cond" truecount="1" falsecount="1"/>
      <line num="104" count="0" type="cond" truecount="0" falsecount="2"/>
      <line num="105" count="2" type="stmt"/>
      <line num="106" count="1" type="cond" truecount="1" falsecount="1"/>
      <line num="107" count="0" type="cond" truecount="0" falsecount="2"/>
      <line num="111" count="12" type="cond" truecount="2" falsecount="0"/>
      <line num="112" count="1" type="stmt"/>
      <line num="114" count="11" type="stmt"/>
      <line num="115" count="11" type="cond" truecount="2" falsecount="0"/>
      <line num="116" count="12" type="cond" truecount="2" falsecount="0"/>
      <line num="117" count="12" type="stmt"/>
      <line num="123" count="6" type="stmt"/>
      <line num="125" count="9" type="stmt"/>
      <line num="128" count="9" type="stmt"/>
      <line num="134" count="2" type="stmt"/>
      <line num="137" count="2" type="stmt"/>
    </file>
    <file name="server.ts" path="/Users/chi/Projects/claude-browse/src/server.ts">
      <metrics statements="51" coveredstatements="22" conditionals="10" coveredconditionals="7" methods="13" coveredmethods="8"/>
      <line num="13" count="0" type="stmt"/>
      <line num="14" count="0" type="stmt"/>
      <line num="15" count="0" type="stmt"/>
      <line num="16" count="0" type="stmt"/>
      <line num="17" count="0" type="stmt"/>
      <line num="18" count="0" type="stmt"/>
      <line num="19" count="0" type="stmt"/>
      <line num="22" count="0" type="stmt"/>
      <line num="25" count="0" type="stmt"/>
      <line num="26" count="0" type="stmt"/>
      <line num="27" count="0" type="stmt"/>
      <line num="30" count="0" type="stmt"/>
      <line num="35" count="3" type="stmt"/>
      <line num="36" count="3" type="stmt"/>
      <line num="40" count="3" type="stmt"/>
      <line num="41" count="3" type="cond" truecount="2" falsecount="0"/>
      <line num="42" count="3" type="stmt"/>
      <line num="43" count="3" type="stmt"/>
      <line num="47" count="3" type="stmt"/>
      <line num="48" count="3" type="stmt"/>
      <line num="52" count="7" type="stmt"/>
      <line num="56" count="7" type="stmt"/>
      <line num="57" count="7" type="cond" truecount="2" falsecount="0"/>
      <line num="58" count="7" type="stmt"/>
      <line num="60" count="7" type="cond" truecount="1" falsecount="1"/>
      <line num="61" count="0" type="stmt"/>
      <line num="62" count="0" type="stmt"/>
      <line num="63" count="0" type="stmt"/>
      <line num="64" count="0" type="stmt"/>
      <line num="67" count="7" type="stmt"/>
      <line num="68" count="7" type="stmt"/>
      <line num="69" count="7" type="stmt"/>
      <line num="71" count="0" type="stmt"/>
      <line num="72" count="0" type="stmt"/>
      <line num="73" count="0" type="stmt"/>
      <line num="78" count="0" type="stmt"/>
      <line num="80" count="0" type="stmt"/>
      <line num="81" count="0" type="stmt"/>
      <line num="82" count="0" type="stmt"/>
      <line num="83" count="0" type="stmt"/>
      <line num="89" count="1" type="stmt"/>
      <line num="90" count="1" type="cond" truecount="1" falsecount="1"/>
      <line num="91" count="0" type="stmt"/>
      <line num="92" count="0" type="stmt"/>
      <line num="94" count="1" type="stmt"/>
      <line num="95" count="1" type="stmt"/>
      <line num="99" count="2" type="stmt"/>
      <line num="103" count="7" type="stmt"/>
      <line num="108" count="0" type="stmt"/>
      <line num="109" count="0" type="stmt"/>
      <line num="110" count="0" type="stmt"/>
    </file>
    <file name="types.ts" path="/Users/chi/Projects/claude-browse/src/types.ts">
      <metrics statements="0" coveredstatements="0" conditionals="0" coveredconditionals="0" methods="0" coveredmethods="0"/>
    </file>
  </project>
</coverage>
