{"/Users/chi/Projects/claude-browse/src/browser.ts": {"path":"/Users/chi/Projects/claude-browse/src/browser.ts","statementMap":{"0":{"start":{"line":6,"column":36},"end":{"line":6,"column":null}},"1":{"start":{"line":7,"column":43},"end":{"line":7,"column":null}},"2":{"start":{"line":8,"column":30},"end":{"line":8,"column":null}},"3":{"start":{"line":12,"column":4},"end":{"line":16,"column":null}},"4":{"start":{"line":20,"column":4},"end":{"line":20,"column":null}},"5":{"start":{"line":21,"column":4},"end":{"line":26,"column":null}},"6":{"start":{"line":27,"column":4},"end":{"line":27,"column":null}},"7":{"start":{"line":31,"column":4},"end":{"line":36,"column":null}},"8":{"start":{"line":32,"column":6},"end":{"line":32,"column":null}},"9":{"start":{"line":33,"column":6},"end":{"line":33,"column":null}},"10":{"start":{"line":34,"column":6},"end":{"line":34,"column":null}},"11":{"start":{"line":35,"column":6},"end":{"line":35,"column":null}},"12":{"start":{"line":40,"column":4},"end":{"line":42,"column":null}},"13":{"start":{"line":41,"column":6},"end":{"line":41,"column":null}},"14":{"start":{"line":43,"column":4},"end":{"line":43,"column":null}},"15":{"start":{"line":47,"column":17},"end":{"line":47,"column":null}},"16":{"start":{"line":48,"column":4},"end":{"line":48,"column":null}},"17":{"start":{"line":49,"column":4},"end":{"line":49,"column":null}},"18":{"start":{"line":53,"column":17},"end":{"line":53,"column":null}},"19":{"start":{"line":54,"column":4},"end":{"line":54,"column":null}},"20":{"start":{"line":55,"column":4},"end":{"line":55,"column":null}},"21":{"start":{"line":56,"column":4},"end":{"line":56,"column":null}},"22":{"start":{"line":60,"column":17},"end":{"line":60,"column":null}},"23":{"start":{"line":61,"column":4},"end":{"line":61,"column":null}},"24":{"start":{"line":65,"column":17},"end":{"line":65,"column":null}},"25":{"start":{"line":66,"column":4},"end":{"line":78,"column":null}},"26":{"start":{"line":67,"column":6},"end":{"line":77,"column":null}},"27":{"start":{"line":68,"column":46},"end":{"line":68,"column":null}},"28":{"start":{"line":69,"column":8},"end":{"line":71,"column":null}},"29":{"start":{"line":70,"column":10},"end":{"line":70,"column":null}},"30":{"start":{"line":72,"column":8},"end":{"line":76,"column":null}},"31":{"start":{"line":82,"column":17},"end":{"line":82,"column":null}},"32":{"start":{"line":83,"column":10},"end":{"line":83,"column":null}},"33":{"start":{"line":84,"column":19},"end":{"line":84,"column":null}},"34":{"start":{"line":85,"column":4},"end":{"line":85,"column":null}},"35":{"start":{"line":89,"column":17},"end":{"line":89,"column":null}},"36":{"start":{"line":90,"column":4},"end":{"line":90,"column":null}},"37":{"start":{"line":94,"column":17},"end":{"line":94,"column":null}},"38":{"start":{"line":95,"column":17},"end":{"line":95,"column":null}},"39":{"start":{"line":96,"column":4},"end":{"line":96,"column":null}},"40":{"start":{"line":100,"column":17},"end":{"line":100,"column":null}},"41":{"start":{"line":101,"column":4},"end":{"line":101,"column":null}},"42":{"start":{"line":102,"column":4},"end":{"line":102,"column":null}},"43":{"start":{"line":106,"column":17},"end":{"line":106,"column":null}},"44":{"start":{"line":107,"column":4},"end":{"line":107,"column":null}},"45":{"start":{"line":108,"column":4},"end":{"line":108,"column":null}},"46":{"start":{"line":112,"column":17},"end":{"line":112,"column":null}},"47":{"start":{"line":113,"column":4},"end":{"line":113,"column":null}},"48":{"start":{"line":114,"column":4},"end":{"line":114,"column":null}},"49":{"start":{"line":118,"column":17},"end":{"line":118,"column":null}},"50":{"start":{"line":119,"column":4},"end":{"line":119,"column":null}},"51":{"start":{"line":123,"column":4},"end":{"line":125,"column":null}},"52":{"start":{"line":124,"column":6},"end":{"line":124,"column":null}},"53":{"start":{"line":126,"column":4},"end":{"line":126,"column":null}},"54":{"start":{"line":130,"column":17},"end":{"line":130,"column":null}},"55":{"start":{"line":131,"column":4},"end":{"line":131,"column":null}},"56":{"start":{"line":135,"column":4},"end":{"line":200,"column":null}},"57":{"start":{"line":136,"column":6},"end":{"line":197,"column":null}},"58":{"start":{"line":138,"column":25},"end":{"line":138,"column":null}},"59":{"start":{"line":139,"column":10},"end":{"line":139,"column":null}},"60":{"start":{"line":142,"column":25},"end":{"line":142,"column":null}},"61":{"start":{"line":143,"column":10},"end":{"line":143,"column":null}},"62":{"start":{"line":146,"column":10},"end":{"line":146,"column":null}},"63":{"start":{"line":147,"column":10},"end":{"line":147,"column":null}},"64":{"start":{"line":150,"column":27},"end":{"line":150,"column":null}},"65":{"start":{"line":151,"column":10},"end":{"line":151,"column":null}},"66":{"start":{"line":154,"column":25},"end":{"line":154,"column":null}},"67":{"start":{"line":155,"column":10},"end":{"line":155,"column":null}},"68":{"start":{"line":158,"column":25},"end":{"line":158,"column":null}},"69":{"start":{"line":159,"column":10},"end":{"line":159,"column":null}},"70":{"start":{"line":162,"column":23},"end":{"line":162,"column":null}},"71":{"start":{"line":163,"column":10},"end":{"line":163,"column":null}},"72":{"start":{"line":166,"column":25},"end":{"line":166,"column":null}},"73":{"start":{"line":167,"column":10},"end":{"line":167,"column":null}},"74":{"start":{"line":170,"column":25},"end":{"line":170,"column":null}},"75":{"start":{"line":171,"column":10},"end":{"line":171,"column":null}},"76":{"start":{"line":174,"column":25},"end":{"line":174,"column":null}},"77":{"start":{"line":175,"column":10},"end":{"line":175,"column":null}},"78":{"start":{"line":178,"column":10},"end":{"line":178,"column":null}},"79":{"start":{"line":179,"column":10},"end":{"line":179,"column":null}},"80":{"start":{"line":182,"column":10},"end":{"line":182,"column":null}},"81":{"start":{"line":183,"column":10},"end":{"line":183,"column":null}},"82":{"start":{"line":186,"column":10},"end":{"line":186,"column":null}},"83":{"start":{"line":187,"column":10},"end":{"line":187,"column":null}},"84":{"start":{"line":190,"column":25},"end":{"line":190,"column":null}},"85":{"start":{"line":191,"column":10},"end":{"line":191,"column":null}},"86":{"start":{"line":194,"column":37},"end":{"line":194,"column":null}},"87":{"start":{"line":195,"column":10},"end":{"line":195,"column":null}},"88":{"start":{"line":199,"column":6},"end":{"line":199,"column":null}}},"fnMap":{"0":{"name":"(anonymous_0)","decl":{"start":{"line":11,"column":2},"end":{"line":11,"column":14}},"loc":{"start":{"line":11,"column":44},"end":{"line":17,"column":null}},"line":11},"1":{"name":"(anonymous_1)","decl":{"start":{"line":19,"column":8},"end":{"line":19,"column":32}},"loc":{"start":{"line":19,"column":32},"end":{"line":28,"column":null}},"line":19},"2":{"name":"(anonymous_2)","decl":{"start":{"line":30,"column":8},"end":{"line":30,"column":31}},"loc":{"start":{"line":30,"column":31},"end":{"line":37,"column":null}},"line":30},"3":{"name":"(anonymous_3)","decl":{"start":{"line":39,"column":10},"end":{"line":39,"column":29}},"loc":{"start":{"line":39,"column":29},"end":{"line":44,"column":null}},"line":39},"4":{"name":"(anonymous_4)","decl":{"start":{"line":46,"column":8},"end":{"line":46,"column":13}},"loc":{"start":{"line":46,"column":67},"end":{"line":50,"column":null}},"line":46},"5":{"name":"(anonymous_5)","decl":{"start":{"line":52,"column":8},"end":{"line":52,"column":14}},"loc":{"start":{"line":52,"column":58},"end":{"line":57,"column":null}},"line":52},"6":{"name":"(anonymous_6)","decl":{"start":{"line":55,"column":53},"end":{"line":55,"column":59}},"loc":{"start":{"line":55,"column":59},"end":{"line":55,"column":61}},"line":55},"7":{"name":"(anonymous_7)","decl":{"start":{"line":59,"column":8},"end":{"line":59,"column":13}},"loc":{"start":{"line":59,"column":60},"end":{"line":62,"column":null}},"line":59},"8":{"name":"(anonymous_8)","decl":{"start":{"line":64,"column":8},"end":{"line":64,"column":14}},"loc":{"start":{"line":64,"column":56},"end":{"line":79,"column":null}},"line":64},"9":{"name":"(anonymous_9)","decl":{"start":{"line":66,"column":33},"end":{"line":66,"column":34}},"loc":{"start":{"line":67,"column":6},"end":{"line":77,"column":null}},"line":67},"10":{"name":"(anonymous_10)","decl":{"start":{"line":67,"column":16},"end":{"line":67,"column":17}},"loc":{"start":{"line":67,"column":24},"end":{"line":77,"column":7}},"line":67},"11":{"name":"(anonymous_11)","decl":{"start":{"line":81,"column":8},"end":{"line":81,"column":19}},"loc":{"start":{"line":81,"column":96},"end":{"line":86,"column":null}},"line":81},"12":{"name":"(anonymous_12)","decl":{"start":{"line":88,"column":8},"end":{"line":88,"column":58}},"loc":{"start":{"line":88,"column":58},"end":{"line":91,"column":null}},"line":88},"13":{"name":"(anonymous_13)","decl":{"start":{"line":93,"column":8},"end":{"line":93,"column":16}},"loc":{"start":{"line":93,"column":47},"end":{"line":97,"column":null}},"line":93},"14":{"name":"(anonymous_14)","decl":{"start":{"line":99,"column":8},"end":{"line":99,"column":41}},"loc":{"start":{"line":99,"column":41},"end":{"line":103,"column":null}},"line":99},"15":{"name":"(anonymous_15)","decl":{"start":{"line":105,"column":8},"end":{"line":105,"column":44}},"loc":{"start":{"line":105,"column":44},"end":{"line":109,"column":null}},"line":105},"16":{"name":"(anonymous_16)","decl":{"start":{"line":111,"column":8},"end":{"line":111,"column":43}},"loc":{"start":{"line":111,"column":43},"end":{"line":115,"column":null}},"line":111},"17":{"name":"(anonymous_17)","decl":{"start":{"line":117,"column":8},"end":{"line":117,"column":13}},"loc":{"start":{"line":117,"column":39},"end":{"line":120,"column":null}},"line":117},"18":{"name":"(anonymous_18)","decl":{"start":{"line":122,"column":8},"end":{"line":122,"column":33}},"loc":{"start":{"line":122,"column":33},"end":{"line":127,"column":null}},"line":122},"19":{"name":"(anonymous_19)","decl":{"start":{"line":129,"column":8},"end":{"line":129,"column":13}},"loc":{"start":{"line":129,"column":47},"end":{"line":132,"column":null}},"line":129},"20":{"name":"(anonymous_20)","decl":{"start":{"line":134,"column":8},"end":{"line":134,"column":23}},"loc":{"start":{"line":134,"column":70},"end":{"line":201,"column":null}},"line":134}},"branchMap":{"0":{"loc":{"start":{"line":11,"column":14},"end":{"line":11,"column":44}},"type":"default-arg","locations":[{"start":{"line":11,"column":40},"end":{"line":11,"column":44}}],"line":11},"1":{"loc":{"start":{"line":13,"column":16},"end":{"line":13,"column":null}},"type":"binary-expr","locations":[{"start":{"line":13,"column":16},"end":{"line":13,"column":36}},{"start":{"line":13,"column":36},"end":{"line":13,"column":null}}],"line":13},"2":{"loc":{"start":{"line":14,"column":13},"end":{"line":14,"column":null}},"type":"binary-expr","locations":[{"start":{"line":14,"column":13},"end":{"line":14,"column":30}},{"start":{"line":14,"column":30},"end":{"line":14,"column":null}}],"line":14},"3":{"loc":{"start":{"line":15,"column":14},"end":{"line":15,"column":null}},"type":"binary-expr","locations":[{"start":{"line":15,"column":14},"end":{"line":15,"column":32}},{"start":{"line":15,"column":32},"end":{"line":15,"column":null}}],"line":15},"4":{"loc":{"start":{"line":31,"column":4},"end":{"line":36,"column":null}},"type":"if","locations":[{"start":{"line":31,"column":4},"end":{"line":36,"column":null}},{"start":{},"end":{}}],"line":31},"5":{"loc":{"start":{"line":40,"column":4},"end":{"line":42,"column":null}},"type":"if","locations":[{"start":{"line":40,"column":4},"end":{"line":42,"column":null}},{"start":{},"end":{}}],"line":40},"6":{"loc":{"start":{"line":74,"column":16},"end":{"line":74,"column":null}},"type":"binary-expr","locations":[{"start":{"line":74,"column":16},"end":{"line":74,"column":56}},{"start":{"line":74,"column":56},"end":{"line":74,"column":null}}],"line":74},"7":{"loc":{"start":{"line":81,"column":34},"end":{"line":81,"column":96}},"type":"default-arg","locations":[{"start":{"line":81,"column":45},"end":{"line":81,"column":96}}],"line":81},"8":{"loc":{"start":{"line":83,"column":33},"end":{"line":83,"column":57}},"type":"binary-expr","locations":[{"start":{"line":83,"column":33},"end":{"line":83,"column":41}},{"start":{"line":83,"column":41},"end":{"line":83,"column":57}}],"line":83},"9":{"loc":{"start":{"line":93,"column":16},"end":{"line":93,"column":47}},"type":"default-arg","locations":[{"start":{"line":93,"column":23},"end":{"line":93,"column":47}}],"line":93},"10":{"loc":{"start":{"line":96,"column":11},"end":{"line":96,"column":null}},"type":"cond-expr","locations":[{"start":{"line":96,"column":18},"end":{"line":96,"column":25}},{"start":{"line":96,"column":25},"end":{"line":96,"column":null}}],"line":96},"11":{"loc":{"start":{"line":117,"column":13},"end":{"line":117,"column":39}},"type":"default-arg","locations":[{"start":{"line":117,"column":18},"end":{"line":117,"column":39}}],"line":117},"12":{"loc":{"start":{"line":123,"column":4},"end":{"line":125,"column":null}},"type":"if","locations":[{"start":{"line":123,"column":4},"end":{"line":125,"column":null}},{"start":{},"end":{}}],"line":123},"13":{"loc":{"start":{"line":136,"column":6},"end":{"line":197,"column":null}},"type":"switch","locations":[{"start":{"line":137,"column":8},"end":{"line":140,"column":null}},{"start":{"line":141,"column":8},"end":{"line":144,"column":null}},{"start":{"line":145,"column":8},"end":{"line":148,"column":null}},{"start":{"line":149,"column":8},"end":{"line":152,"column":null}},{"start":{"line":153,"column":8},"end":{"line":156,"column":null}},{"start":{"line":157,"column":8},"end":{"line":160,"column":null}},{"start":{"line":161,"column":8},"end":{"line":164,"column":null}},{"start":{"line":165,"column":8},"end":{"line":168,"column":null}},{"start":{"line":169,"column":8},"end":{"line":172,"column":null}},{"start":{"line":173,"column":8},"end":{"line":176,"column":null}},{"start":{"line":177,"column":8},"end":{"line":180,"column":null}},{"start":{"line":181,"column":8},"end":{"line":184,"column":null}},{"start":{"line":185,"column":8},"end":{"line":188,"column":null}},{"start":{"line":189,"column":8},"end":{"line":192,"column":null}},{"start":{"line":193,"column":8},"end":{"line":196,"column":null}}],"line":136}},"s":{"0":6,"1":6,"2":6,"3":6,"4":0,"5":0,"6":0,"7":1,"8":0,"9":0,"10":0,"11":0,"12":12,"13":12,"14":0,"15":1,"16":1,"17":0,"18":1,"19":1,"20":0,"21":0,"22":1,"23":1,"24":1,"25":1,"26":0,"27":0,"28":0,"29":0,"30":0,"31":1,"32":1,"33":1,"34":0,"35":1,"36":1,"37":1,"38":1,"39":0,"40":1,"41":1,"42":0,"43":1,"44":1,"45":0,"46":1,"47":1,"48":0,"49":1,"50":1,"51":1,"52":1,"53":0,"54":1,"55":1,"56":14,"57":14,"58":1,"59":0,"60":1,"61":0,"62":1,"63":0,"64":1,"65":0,"66":1,"67":0,"68":1,"69":0,"70":1,"71":0,"72":1,"73":0,"74":1,"75":0,"76":1,"77":0,"78":1,"79":0,"80":1,"81":0,"82":1,"83":1,"84":1,"85":0,"86":0,"87":0,"88":13},"f":{"0":6,"1":0,"2":1,"3":12,"4":1,"5":1,"6":0,"7":1,"8":1,"9":0,"10":0,"11":1,"12":1,"13":1,"14":1,"15":1,"16":1,"17":1,"18":1,"19":1,"20":14},"b":{"0":[6],"1":[6,5],"2":[6,5],"3":[6,5],"4":[0,1],"5":[12,0],"6":[0,0],"7":[1],"8":[1,0],"9":[1],"10":[0,0],"11":[1],"12":[1,0],"13":[1,1,1,1,1,1,1,1,1,1,1,1,1,1,0]},"meta":{"lastBranch":14,"lastFunction":21,"lastStatement":89,"seen":{"s:6:36:6:Infinity":0,"s:7:43:7:Infinity":1,"s:8:30:8:Infinity":2,"f:11:2:11:14":0,"b:11:40:11:44":0,"s:12:4:16:Infinity":3,"b:13:16:13:36:13:36:13:Infinity":1,"b:14:13:14:30:14:30:14:Infinity":2,"b:15:14:15:32:15:32:15:Infinity":3,"f:19:8:19:32":1,"s:20:4:20:Infinity":4,"s:21:4:26:Infinity":5,"s:27:4:27:Infinity":6,"f:30:8:30:31":2,"b:31:4:36:Infinity:undefined:undefined:undefined:undefined":4,"s:31:4:36:Infinity":7,"s:32:6:32:Infinity":8,"s:33:6:33:Infinity":9,"s:34:6:34:Infinity":10,"s:35:6:35:Infinity":11,"f:39:10:39:29":3,"b:40:4:42:Infinity:undefined:undefined:undefined:undefined":5,"s:40:4:42:Infinity":12,"s:41:6:41:Infinity":13,"s:43:4:43:Infinity":14,"f:46:8:46:13":4,"s:47:17:47:Infinity":15,"s:48:4:48:Infinity":16,"s:49:4:49:Infinity":17,"f:52:8:52:14":5,"s:53:17:53:Infinity":18,"s:54:4:54:Infinity":19,"s:55:4:55:Infinity":20,"f:55:53:55:59":6,"s:56:4:56:Infinity":21,"f:59:8:59:13":7,"s:60:17:60:Infinity":22,"s:61:4:61:Infinity":23,"f:64:8:64:14":8,"s:65:17:65:Infinity":24,"s:66:4:78:Infinity":25,"f:66:33:66:34":9,"s:67:6:77:Infinity":26,"f:67:16:67:17":10,"s:68:46:68:Infinity":27,"s:69:8:71:Infinity":28,"s:70:10:70:Infinity":29,"s:72:8:76:Infinity":30,"b:74:16:74:56:74:56:74:Infinity":6,"f:81:8:81:19":11,"b:81:45:81:96":7,"s:82:17:82:Infinity":31,"s:83:10:83:Infinity":32,"b:83:33:83:41:83:41:83:57":8,"s:84:19:84:Infinity":33,"s:85:4:85:Infinity":34,"f:88:8:88:58":12,"s:89:17:89:Infinity":35,"s:90:4:90:Infinity":36,"f:93:8:93:16":13,"b:93:23:93:47":9,"s:94:17:94:Infinity":37,"s:95:17:95:Infinity":38,"s:96:4:96:Infinity":39,"b:96:18:96:25:96:25:96:Infinity":10,"f:99:8:99:41":14,"s:100:17:100:Infinity":40,"s:101:4:101:Infinity":41,"s:102:4:102:Infinity":42,"f:105:8:105:44":15,"s:106:17:106:Infinity":43,"s:107:4:107:Infinity":44,"s:108:4:108:Infinity":45,"f:111:8:111:43":16,"s:112:17:112:Infinity":46,"s:113:4:113:Infinity":47,"s:114:4:114:Infinity":48,"f:117:8:117:13":17,"b:117:18:117:39":11,"s:118:17:118:Infinity":49,"s:119:4:119:Infinity":50,"f:122:8:122:33":18,"b:123:4:125:Infinity:undefined:undefined:undefined:undefined":12,"s:123:4:125:Infinity":51,"s:124:6:124:Infinity":52,"s:126:4:126:Infinity":53,"f:129:8:129:13":19,"s:130:17:130:Infinity":54,"s:131:4:131:Infinity":55,"f:134:8:134:23":20,"s:135:4:200:Infinity":56,"b:137:8:140:Infinity:141:8:144:Infinity:145:8:148:Infinity:149:8:152:Infinity:153:8:156:Infinity:157:8:160:Infinity:161:8:164:Infinity:165:8:168:Infinity:169:8:172:Infinity:173:8:176:Infinity:177:8:180:Infinity:181:8:184:Infinity:185:8:188:Infinity:189:8:192:Infinity:193:8:196:Infinity":13,"s:136:6:197:Infinity":57,"s:138:25:138:Infinity":58,"s:139:10:139:Infinity":59,"s:142:25:142:Infinity":60,"s:143:10:143:Infinity":61,"s:146:10:146:Infinity":62,"s:147:10:147:Infinity":63,"s:150:27:150:Infinity":64,"s:151:10:151:Infinity":65,"s:154:25:154:Infinity":66,"s:155:10:155:Infinity":67,"s:158:25:158:Infinity":68,"s:159:10:159:Infinity":69,"s:162:23:162:Infinity":70,"s:163:10:163:Infinity":71,"s:166:25:166:Infinity":72,"s:167:10:167:Infinity":73,"s:170:25:170:Infinity":74,"s:171:10:171:Infinity":75,"s:174:25:174:Infinity":76,"s:175:10:175:Infinity":77,"s:178:10:178:Infinity":78,"s:179:10:179:Infinity":79,"s:182:10:182:Infinity":80,"s:183:10:183:Infinity":81,"s:186:10:186:Infinity":82,"s:187:10:187:Infinity":83,"s:190:25:190:Infinity":84,"s:191:10:191:Infinity":85,"s:194:37:194:Infinity":86,"s:195:10:195:Infinity":87,"s:199:6:199:Infinity":88}}}
,"/Users/chi/Projects/claude-browse/src/logger.ts": {"path":"/Users/chi/Projects/claude-browse/src/logger.ts","statementMap":{"0":{"start":{"line":5,"column":45},"end":{"line":20,"column":null}},"1":{"start":{"line":23,"column":63},"end":{"line":38,"column":null}},"2":{"start":{"line":41,"column":2},"end":{"line":41,"column":null}},"3":{"start":{"line":45,"column":2},"end":{"line":45,"column":null}},"4":{"start":{"line":60,"column":2},"end":{"line":78,"column":null}},"5":{"start":{"line":62,"column":6},"end":{"line":62,"column":null}},"6":{"start":{"line":65,"column":6},"end":{"line":65,"column":null}},"7":{"start":{"line":67,"column":6},"end":{"line":67,"column":null}},"8":{"start":{"line":69,"column":6},"end":{"line":69,"column":null}},"9":{"start":{"line":71,"column":6},"end":{"line":71,"column":null}},"10":{"start":{"line":73,"column":6},"end":{"line":73,"column":null}},"11":{"start":{"line":75,"column":6},"end":{"line":75,"column":null}},"12":{"start":{"line":77,"column":6},"end":{"line":77,"column":null}},"13":{"start":{"line":82,"column":16},"end":{"line":82,"column":null}},"14":{"start":{"line":83,"column":15},"end":{"line":83,"column":null}},"15":{"start":{"line":84,"column":17},"end":{"line":84,"column":null}},"16":{"start":{"line":85,"column":17},"end":{"line":85,"column":null}},"17":{"start":{"line":86,"column":2},"end":{"line":86,"column":null}},"18":{"start":{"line":100,"column":80},"end":{"line":108,"column":null}},"19":{"start":{"line":101,"column":15},"end":{"line":101,"column":null}},"20":{"start":{"line":102,"column":17},"end":{"line":102,"column":null}},"21":{"start":{"line":103,"column":17},"end":{"line":103,"column":null}},"22":{"start":{"line":104,"column":22},"end":{"line":104,"column":null}},"23":{"start":{"line":105,"column":14},"end":{"line":105,"column":null}},"24":{"start":{"line":106,"column":16},"end":{"line":106,"column":null}},"25":{"start":{"line":107,"column":16},"end":{"line":107,"column":null}},"26":{"start":{"line":111,"column":2},"end":{"line":113,"column":null}},"27":{"start":{"line":112,"column":4},"end":{"line":112,"column":null}},"28":{"start":{"line":114,"column":20},"end":{"line":114,"column":null}},"29":{"start":{"line":115,"column":14},"end":{"line":115,"column":null}},"30":{"start":{"line":116,"column":17},"end":{"line":116,"column":null}},"31":{"start":{"line":117,"column":2},"end":{"line":117,"column":null}},"32":{"start":{"line":123,"column":2},"end":{"line":130,"column":null}},"33":{"start":{"line":125,"column":6},"end":{"line":125,"column":null}},"34":{"start":{"line":128,"column":6},"end":{"line":128,"column":null}},"35":{"start":{"line":134,"column":22},"end":{"line":134,"column":null}},"36":{"start":{"line":137,"column":28},"end":{"line":137,"column":null}},"37":{"start":{"line":137,"column":50},"end":{"line":137,"column":82}}},"fnMap":{"0":{"name":"ts","decl":{"start":{"line":40,"column":16},"end":{"line":40,"column":29}},"loc":{"start":{"line":40,"column":29},"end":{"line":42,"column":null}},"line":40},"1":{"name":"truncate","decl":{"start":{"line":44,"column":16},"end":{"line":44,"column":25}},"loc":{"start":{"line":44,"column":59},"end":{"line":46,"column":null}},"line":44},"2":{"name":"getCommandDetail","decl":{"start":{"line":59,"column":16},"end":{"line":59,"column":33}},"loc":{"start":{"line":59,"column":71},"end":{"line":79,"column":null}},"line":59},"3":{"name":"formatCommand","decl":{"start":{"line":81,"column":16},"end":{"line":81,"column":30}},"loc":{"start":{"line":81,"column":56},"end":{"line":87,"column":null}},"line":81},"4":{"name":"(anonymous_4)","decl":{"start":{"line":101,"column":8},"end":{"line":101,"column":9}},"loc":{"start":{"line":101,"column":15},"end":{"line":101,"column":null}},"line":101},"5":{"name":"(anonymous_5)","decl":{"start":{"line":102,"column":9},"end":{"line":102,"column":10}},"loc":{"start":{"line":102,"column":17},"end":{"line":102,"column":null}},"line":102},"6":{"name":"(anonymous_6)","decl":{"start":{"line":103,"column":9},"end":{"line":103,"column":10}},"loc":{"start":{"line":103,"column":17},"end":{"line":103,"column":null}},"line":103},"7":{"name":"(anonymous_7)","decl":{"start":{"line":104,"column":14},"end":{"line":104,"column":15}},"loc":{"start":{"line":104,"column":22},"end":{"line":104,"column":null}},"line":104},"8":{"name":"(anonymous_8)","decl":{"start":{"line":105,"column":7},"end":{"line":105,"column":8}},"loc":{"start":{"line":105,"column":14},"end":{"line":105,"column":null}},"line":105},"9":{"name":"(anonymous_9)","decl":{"start":{"line":106,"column":8},"end":{"line":106,"column":9}},"loc":{"start":{"line":106,"column":16},"end":{"line":106,"column":null}},"line":106},"10":{"name":"(anonymous_10)","decl":{"start":{"line":107,"column":8},"end":{"line":107,"column":9}},"loc":{"start":{"line":107,"column":16},"end":{"line":107,"column":null}},"line":107},"11":{"name":"formatResult","decl":{"start":{"line":110,"column":16},"end":{"line":110,"column":29}},"loc":{"start":{"line":110,"column":75},"end":{"line":118,"column":null}},"line":110},"12":{"name":"createLogger","decl":{"start":{"line":122,"column":16},"end":{"line":122,"column":29}},"loc":{"start":{"line":122,"column":57},"end":{"line":131,"column":null}},"line":122},"13":{"name":"(anonymous_13)","decl":{"start":{"line":124,"column":4},"end":{"line":124,"column":12}},"loc":{"start":{"line":124,"column":36},"end":{"line":126,"column":null}},"line":124},"14":{"name":"(anonymous_14)","decl":{"start":{"line":127,"column":4},"end":{"line":127,"column":11}},"loc":{"start":{"line":127,"column":55},"end":{"line":129,"column":null}},"line":127},"15":{"name":"(anonymous_15)","decl":{"start":{"line":137,"column":41},"end":{"line":137,"column":42}},"loc":{"start":{"line":137,"column":50},"end":{"line":137,"column":82}},"line":137}},"branchMap":{"0":{"loc":{"start":{"line":45,"column":9},"end":{"line":45,"column":null}},"type":"cond-expr","locations":[{"start":{"line":45,"column":28},"end":{"line":45,"column":56}},{"start":{"line":45,"column":56},"end":{"line":45,"column":null}}],"line":45},"1":{"loc":{"start":{"line":60,"column":2},"end":{"line":78,"column":null}},"type":"switch","locations":[{"start":{"line":61,"column":4},"end":{"line":62,"column":null}},{"start":{"line":63,"column":4},"end":{"line":63,"column":null}},{"start":{"line":64,"column":4},"end":{"line":65,"column":null}},{"start":{"line":66,"column":4},"end":{"line":67,"column":null}},{"start":{"line":68,"column":4},"end":{"line":69,"column":null}},{"start":{"line":70,"column":4},"end":{"line":71,"column":null}},{"start":{"line":72,"column":4},"end":{"line":73,"column":null}},{"start":{"line":74,"column":4},"end":{"line":75,"column":null}},{"start":{"line":76,"column":4},"end":{"line":77,"column":null}}],"line":60},"2":{"loc":{"start":{"line":69,"column":23},"end":{"line":69,"column":51}},"type":"binary-expr","locations":[{"start":{"line":69,"column":23},"end":{"line":69,"column":35}},{"start":{"line":69,"column":35},"end":{"line":69,"column":51}}],"line":69},"3":{"loc":{"start":{"line":71,"column":13},"end":{"line":71,"column":null}},"type":"cond-expr","locations":[{"start":{"line":71,"column":24},"end":{"line":71,"column":46}},{"start":{"line":71,"column":46},"end":{"line":71,"column":null}}],"line":71},"4":{"loc":{"start":{"line":73,"column":26},"end":{"line":73,"column":40}},"type":"binary-expr","locations":[{"start":{"line":73,"column":26},"end":{"line":73,"column":36}},{"start":{"line":73,"column":36},"end":{"line":73,"column":40}}],"line":73},"5":{"loc":{"start":{"line":75,"column":32},"end":{"line":75,"column":50}},"type":"binary-expr","locations":[{"start":{"line":75,"column":32},"end":{"line":75,"column":46}},{"start":{"line":75,"column":46},"end":{"line":75,"column":50}}],"line":75},"6":{"loc":{"start":{"line":82,"column":16},"end":{"line":82,"column":null}},"type":"binary-expr","locations":[{"start":{"line":82,"column":16},"end":{"line":82,"column":37}},{"start":{"line":82,"column":37},"end":{"line":82,"column":null}}],"line":82},"7":{"loc":{"start":{"line":83,"column":15},"end":{"line":83,"column":null}},"type":"binary-expr","locations":[{"start":{"line":83,"column":15},"end":{"line":83,"column":33}},{"start":{"line":83,"column":33},"end":{"line":83,"column":null}}],"line":83},"8":{"loc":{"start":{"line":85,"column":17},"end":{"line":85,"column":null}},"type":"cond-expr","locations":[{"start":{"line":85,"column":26},"end":{"line":85,"column":41}},{"start":{"line":85,"column":41},"end":{"line":85,"column":null}}],"line":85},"9":{"loc":{"start":{"line":102,"column":17},"end":{"line":102,"column":null}},"type":"cond-expr","locations":[{"start":{"line":102,"column":25},"end":{"line":102,"column":40}},{"start":{"line":102,"column":40},"end":{"line":102,"column":null}}],"line":102},"10":{"loc":{"start":{"line":103,"column":17},"end":{"line":103,"column":null}},"type":"cond-expr","locations":[{"start":{"line":103,"column":41},"end":{"line":103,"column":73}},{"start":{"line":103,"column":73},"end":{"line":103,"column":null}}],"line":103},"11":{"loc":{"start":{"line":104,"column":22},"end":{"line":104,"column":null}},"type":"cond-expr","locations":[{"start":{"line":104,"column":31},"end":{"line":104,"column":54}},{"start":{"line":104,"column":54},"end":{"line":104,"column":null}}],"line":104},"12":{"loc":{"start":{"line":106,"column":16},"end":{"line":106,"column":null}},"type":"cond-expr","locations":[{"start":{"line":106,"column":39},"end":{"line":106,"column":66}},{"start":{"line":106,"column":66},"end":{"line":106,"column":null}}],"line":106},"13":{"loc":{"start":{"line":107,"column":16},"end":{"line":107,"column":null}},"type":"cond-expr","locations":[{"start":{"line":107,"column":41},"end":{"line":107,"column":82}},{"start":{"line":107,"column":82},"end":{"line":107,"column":null}}],"line":107},"14":{"loc":{"start":{"line":111,"column":2},"end":{"line":113,"column":null}},"type":"if","locations":[{"start":{"line":111,"column":2},"end":{"line":113,"column":null}},{"start":{},"end":{}}],"line":111},"15":{"loc":{"start":{"line":115,"column":14},"end":{"line":115,"column":null}},"type":"cond-expr","locations":[{"start":{"line":115,"column":26},"end":{"line":115,"column":46}},{"start":{"line":115,"column":46},"end":{"line":115,"column":null}}],"line":115},"16":{"loc":{"start":{"line":116,"column":17},"end":{"line":116,"column":null}},"type":"cond-expr","locations":[{"start":{"line":116,"column":23},"end":{"line":116,"column":46}},{"start":{"line":116,"column":46},"end":{"line":116,"column":null}}],"line":116},"17":{"loc":{"start":{"line":122,"column":29},"end":{"line":122,"column":57}},"type":"default-arg","locations":[{"start":{"line":122,"column":44},"end":{"line":122,"column":57}}],"line":122}},"s":{"0":2,"1":2,"2":23,"3":3,"4":18,"5":4,"6":5,"7":2,"8":2,"9":1,"10":1,"11":0,"12":3,"13":11,"14":11,"15":11,"16":11,"17":11,"18":2,"19":3,"20":2,"21":2,"22":0,"23":2,"24":1,"25":0,"26":12,"27":1,"28":11,"29":11,"30":12,"31":12,"32":6,"33":9,"34":9,"35":2,"36":2,"37":0},"f":{"0":23,"1":3,"2":18,"3":11,"4":3,"5":2,"6":2,"7":0,"8":2,"9":1,"10":0,"11":12,"12":6,"13":9,"14":9,"15":0},"b":{"0":[1,2],"1":[4,4,5,2,2,1,1,0,3],"2":[2,1],"3":[0,1],"4":[1,0],"5":[0,0],"6":[11,0],"7":[11,0],"8":[8,3],"9":[2,0],"10":[2,0],"11":[0,0],"12":[1,0],"13":[0,0],"14":[1,11],"15":[10,1],"16":[10,1],"17":[6]},"meta":{"lastBranch":18,"lastFunction":16,"lastStatement":38,"seen":{"s:5:45:20:Infinity":0,"s:23:63:38:Infinity":1,"f:40:16:40:29":0,"s:41:2:41:Infinity":2,"f:44:16:44:25":1,"s:45:2:45:Infinity":3,"b:45:28:45:56:45:56:45:Infinity":0,"f:59:16:59:33":2,"b:61:4:62:Infinity:63:4:63:Infinity:64:4:65:Infinity:66:4:67:Infinity:68:4:69:Infinity:70:4:71:Infinity:72:4:73:Infinity:74:4:75:Infinity:76:4:77:Infinity":1,"s:60:2:78:Infinity":4,"s:62:6:62:Infinity":5,"s:65:6:65:Infinity":6,"s:67:6:67:Infinity":7,"s:69:6:69:Infinity":8,"b:69:23:69:35:69:35:69:51":2,"s:71:6:71:Infinity":9,"b:71:24:71:46:71:46:71:Infinity":3,"s:73:6:73:Infinity":10,"b:73:26:73:36:73:36:73:40":4,"s:75:6:75:Infinity":11,"b:75:32:75:46:75:46:75:50":5,"s:77:6:77:Infinity":12,"f:81:16:81:30":3,"s:82:16:82:Infinity":13,"b:82:16:82:37:82:37:82:Infinity":6,"s:83:15:83:Infinity":14,"b:83:15:83:33:83:33:83:Infinity":7,"s:84:17:84:Infinity":15,"s:85:17:85:Infinity":16,"b:85:26:85:41:85:41:85:Infinity":8,"s:86:2:86:Infinity":17,"s:100:80:108:Infinity":18,"f:101:8:101:9":4,"s:101:15:101:Infinity":19,"f:102:9:102:10":5,"s:102:17:102:Infinity":20,"b:102:25:102:40:102:40:102:Infinity":9,"f:103:9:103:10":6,"s:103:17:103:Infinity":21,"b:103:41:103:73:103:73:103:Infinity":10,"f:104:14:104:15":7,"s:104:22:104:Infinity":22,"b:104:31:104:54:104:54:104:Infinity":11,"f:105:7:105:8":8,"s:105:14:105:Infinity":23,"f:106:8:106:9":9,"s:106:16:106:Infinity":24,"b:106:39:106:66:106:66:106:Infinity":12,"f:107:8:107:9":10,"s:107:16:107:Infinity":25,"b:107:41:107:82:107:82:107:Infinity":13,"f:110:16:110:29":11,"b:111:2:113:Infinity:undefined:undefined:undefined:undefined":14,"s:111:2:113:Infinity":26,"s:112:4:112:Infinity":27,"s:114:20:114:Infinity":28,"s:115:14:115:Infinity":29,"b:115:26:115:46:115:46:115:Infinity":15,"s:116:17:116:Infinity":30,"b:116:23:116:46:116:46:116:Infinity":16,"s:117:2:117:Infinity":31,"f:122:16:122:29":12,"b:122:44:122:57":17,"s:123:2:130:Infinity":32,"f:124:4:124:12":13,"s:125:6:125:Infinity":33,"f:127:4:127:11":14,"s:128:6:128:Infinity":34,"s:134:22:134:Infinity":35,"s:137:28:137:Infinity":36,"f:137:41:137:42":15,"s:137:50:137:82":37}}}
,"/Users/chi/Projects/claude-browse/src/server.ts": {"path":"/Users/chi/Projects/claude-browse/src/server.ts","statementMap":{"0":{"start":{"line":13,"column":2},"end":{"line":13,"column":null}},"1":{"start":{"line":14,"column":2},"end":{"line":14,"column":null}},"2":{"start":{"line":15,"column":2},"end":{"line":15,"column":null}},"3":{"start":{"line":16,"column":2},"end":{"line":16,"column":null}},"4":{"start":{"line":17,"column":2},"end":{"line":17,"column":null}},"5":{"start":{"line":18,"column":2},"end":{"line":18,"column":null}},"6":{"start":{"line":19,"column":2},"end":{"line":21,"column":null}},"7":{"start":{"line":22,"column":2},"end":{"line":24,"column":null}},"8":{"start":{"line":25,"column":2},"end":{"line":25,"column":null}},"9":{"start":{"line":26,"column":2},"end":{"line":26,"column":null}},"10":{"start":{"line":27,"column":2},"end":{"line":29,"column":null}},"11":{"start":{"line":30,"column":2},"end":{"line":30,"column":null}},"12":{"start":{"line":35,"column":10},"end":{"line":35,"column":null}},"13":{"start":{"line":36,"column":62},"end":{"line":36,"column":null}},"14":{"start":{"line":40,"column":4},"end":{"line":40,"column":null}},"15":{"start":{"line":41,"column":4},"end":{"line":41,"column":null}},"16":{"start":{"line":42,"column":4},"end":{"line":42,"column":null}},"17":{"start":{"line":43,"column":4},"end":{"line":43,"column":null}},"18":{"start":{"line":47,"column":4},"end":{"line":47,"column":null}},"19":{"start":{"line":48,"column":4},"end":{"line":48,"column":null}},"20":{"start":{"line":52,"column":4},"end":{"line":52,"column":null}},"21":{"start":{"line":52,"column":37},"end":{"line":52,"column":65}},"22":{"start":{"line":56,"column":4},"end":{"line":74,"column":null}},"23":{"start":{"line":57,"column":34},"end":{"line":57,"column":null}},"24":{"start":{"line":58,"column":6},"end":{"line":58,"column":null}},"25":{"start":{"line":60,"column":6},"end":{"line":65,"column":null}},"26":{"start":{"line":61,"column":8},"end":{"line":61,"column":null}},"27":{"start":{"line":62,"column":8},"end":{"line":62,"column":null}},"28":{"start":{"line":63,"column":8},"end":{"line":63,"column":null}},"29":{"start":{"line":64,"column":8},"end":{"line":64,"column":null}},"30":{"start":{"line":67,"column":21},"end":{"line":67,"column":null}},"31":{"start":{"line":68,"column":6},"end":{"line":68,"column":null}},"32":{"start":{"line":69,"column":6},"end":{"line":69,"column":null}},"33":{"start":{"line":71,"column":21},"end":{"line":71,"column":null}},"34":{"start":{"line":72,"column":6},"end":{"line":72,"column":null}},"35":{"start":{"line":73,"column":6},"end":{"line":73,"column":null}},"36":{"start":{"line":78,"column":4},"end":{"line":78,"column":null}},"37":{"start":{"line":80,"column":4},"end":{"line":85,"column":null}},"38":{"start":{"line":81,"column":6},"end":{"line":84,"column":null}},"39":{"start":{"line":82,"column":8},"end":{"line":82,"column":null}},"40":{"start":{"line":83,"column":8},"end":{"line":83,"column":null}},"41":{"start":{"line":89,"column":4},"end":{"line":89,"column":null}},"42":{"start":{"line":90,"column":4},"end":{"line":93,"column":null}},"43":{"start":{"line":91,"column":6},"end":{"line":91,"column":null}},"44":{"start":{"line":92,"column":6},"end":{"line":92,"column":null}},"45":{"start":{"line":94,"column":4},"end":{"line":94,"column":null}},"46":{"start":{"line":95,"column":4},"end":{"line":95,"column":null}},"47":{"start":{"line":99,"column":4},"end":{"line":99,"column":null}},"48":{"start":{"line":103,"column":4},"end":{"line":103,"column":null}},"49":{"start":{"line":108,"column":17},"end":{"line":108,"column":null}},"50":{"start":{"line":109,"column":2},"end":{"line":109,"column":null}},"51":{"start":{"line":110,"column":2},"end":{"line":110,"column":null}}},"fnMap":{"0":{"name":"printBanner","decl":{"start":{"line":12,"column":9},"end":{"line":12,"column":21}},"loc":{"start":{"line":12,"column":41},"end":{"line":31,"column":null}},"line":12},"1":{"name":"(anonymous_1)","decl":{"start":{"line":39,"column":2},"end":{"line":39,"column":14}},"loc":{"start":{"line":39,"column":43},"end":{"line":44,"column":null}},"line":39},"2":{"name":"(anonymous_2)","decl":{"start":{"line":46,"column":10},"end":{"line":46,"column":34}},"loc":{"start":{"line":46,"column":34},"end":{"line":49,"column":null}},"line":46},"3":{"name":"(anonymous_3)","decl":{"start":{"line":51,"column":10},"end":{"line":51,"column":30}},"loc":{"start":{"line":51,"column":30},"end":{"line":53,"column":null}},"line":51},"4":{"name":"(anonymous_4)","decl":{"start":{"line":52,"column":23},"end":{"line":52,"column":24}},"loc":{"start":{"line":52,"column":37},"end":{"line":52,"column":65}},"line":52},"5":{"name":"(anonymous_5)","decl":{"start":{"line":55,"column":16},"end":{"line":55,"column":30}},"loc":{"start":{"line":55,"column":74},"end":{"line":75,"column":null}},"line":55},"6":{"name":"(anonymous_6)","decl":{"start":{"line":77,"column":8},"end":{"line":77,"column":31}},"loc":{"start":{"line":77,"column":31},"end":{"line":86,"column":null}},"line":77},"7":{"name":"(anonymous_7)","decl":{"start":{"line":80,"column":23},"end":{"line":80,"column":24}},"loc":{"start":{"line":80,"column":36},"end":{"line":85,"column":5}},"line":80},"8":{"name":"(anonymous_8)","decl":{"start":{"line":81,"column":47},"end":{"line":81,"column":53}},"loc":{"start":{"line":81,"column":53},"end":{"line":84,"column":7}},"line":81},"9":{"name":"(anonymous_9)","decl":{"start":{"line":88,"column":8},"end":{"line":88,"column":30}},"loc":{"start":{"line":88,"column":30},"end":{"line":96,"column":null}},"line":88},"10":{"name":"(anonymous_10)","decl":{"start":{"line":98,"column":2},"end":{"line":98,"column":20}},"loc":{"start":{"line":98,"column":20},"end":{"line":100,"column":null}},"line":98},"11":{"name":"(anonymous_11)","decl":{"start":{"line":102,"column":2},"end":{"line":102,"column":11}},"loc":{"start":{"line":102,"column":11},"end":{"line":104,"column":null}},"line":102},"12":{"name":"startServer","decl":{"start":{"line":107,"column":22},"end":{"line":107,"column":34}},"loc":{"start":{"line":107,"column":87},"end":{"line":111,"column":null}},"line":107}},"branchMap":{"0":{"loc":{"start":{"line":39,"column":14},"end":{"line":39,"column":43}},"type":"default-arg","locations":[{"start":{"line":39,"column":39},"end":{"line":39,"column":43}}],"line":39},"1":{"loc":{"start":{"line":41,"column":16},"end":{"line":41,"column":null}},"type":"binary-expr","locations":[{"start":{"line":41,"column":16},"end":{"line":41,"column":32}},{"start":{"line":41,"column":32},"end":{"line":41,"column":null}}],"line":41},"2":{"loc":{"start":{"line":57,"column":34},"end":{"line":57,"column":null}},"type":"cond-expr","locations":[{"start":{"line":57,"column":65},"end":{"line":57,"column":88}},{"start":{"line":57,"column":88},"end":{"line":57,"column":null}}],"line":57},"3":{"loc":{"start":{"line":60,"column":6},"end":{"line":65,"column":null}},"type":"if","locations":[{"start":{"line":60,"column":6},"end":{"line":65,"column":null}},{"start":{},"end":{}}],"line":60},"4":{"loc":{"start":{"line":90,"column":4},"end":{"line":93,"column":null}},"type":"if","locations":[{"start":{"line":90,"column":4},"end":{"line":93,"column":null}},{"start":{},"end":{}}],"line":90},"5":{"loc":{"start":{"line":107,"column":34},"end":{"line":107,"column":87}},"type":"default-arg","locations":[{"start":{"line":107,"column":59},"end":{"line":107,"column":87}}],"line":107}},"s":{"0":0,"1":0,"2":0,"3":0,"4":0,"5":0,"6":0,"7":0,"8":0,"9":0,"10":0,"11":0,"12":3,"13":3,"14":3,"15":3,"16":3,"17":3,"18":3,"19":3,"20":3,"21":7,"22":7,"23":7,"24":7,"25":7,"26":0,"27":0,"28":0,"29":0,"30":7,"31":7,"32":7,"33":0,"34":0,"35":0,"36":0,"37":0,"38":0,"39":0,"40":0,"41":1,"42":1,"43":0,"44":0,"45":1,"46":1,"47":2,"48":7,"49":0,"50":0,"51":0},"f":{"0":0,"1":3,"2":3,"3":3,"4":7,"5":7,"6":0,"7":0,"8":0,"9":1,"10":2,"11":7,"12":0},"b":{"0":[3],"1":[3,1],"2":[1,6],"3":[0,7],"4":[0,1],"5":[0]},"meta":{"lastBranch":6,"lastFunction":13,"lastStatement":52,"seen":{"f:12:9:12:21":0,"s:13:2:13:Infinity":0,"s:14:2:14:Infinity":1,"s:15:2:15:Infinity":2,"s:16:2:16:Infinity":3,"s:17:2:17:Infinity":4,"s:18:2:18:Infinity":5,"s:19:2:21:Infinity":6,"s:22:2:24:Infinity":7,"s:25:2:25:Infinity":8,"s:26:2:26:Infinity":9,"s:27:2:29:Infinity":10,"s:30:2:30:Infinity":11,"s:35:10:35:Infinity":12,"s:36:62:36:Infinity":13,"f:39:2:39:14":1,"b:39:39:39:43":0,"s:40:4:40:Infinity":14,"s:41:4:41:Infinity":15,"b:41:16:41:32:41:32:41:Infinity":1,"s:42:4:42:Infinity":16,"s:43:4:43:Infinity":17,"f:46:10:46:34":2,"s:47:4:47:Infinity":18,"s:48:4:48:Infinity":19,"f:51:10:51:30":3,"s:52:4:52:Infinity":20,"f:52:23:52:24":4,"s:52:37:52:65":21,"f:55:16:55:30":5,"s:56:4:74:Infinity":22,"s:57:34:57:Infinity":23,"b:57:65:57:88:57:88:57:Infinity":2,"s:58:6:58:Infinity":24,"b:60:6:65:Infinity:undefined:undefined:undefined:undefined":3,"s:60:6:65:Infinity":25,"s:61:8:61:Infinity":26,"s:62:8:62:Infinity":27,"s:63:8:63:Infinity":28,"s:64:8:64:Infinity":29,"s:67:21:67:Infinity":30,"s:68:6:68:Infinity":31,"s:69:6:69:Infinity":32,"s:71:21:71:Infinity":33,"s:72:6:72:Infinity":34,"s:73:6:73:Infinity":35,"f:77:8:77:31":6,"s:78:4:78:Infinity":36,"s:80:4:85:Infinity":37,"f:80:23:80:24":7,"s:81:6:84:Infinity":38,"f:81:47:81:53":8,"s:82:8:82:Infinity":39,"s:83:8:83:Infinity":40,"f:88:8:88:30":9,"s:89:4:89:Infinity":41,"b:90:4:93:Infinity:undefined:undefined:undefined:undefined":4,"s:90:4:93:Infinity":42,"s:91:6:91:Infinity":43,"s:92:6:92:Infinity":44,"s:94:4:94:Infinity":45,"s:95:4:95:Infinity":46,"f:98:2:98:20":10,"s:99:4:99:Infinity":47,"f:102:2:102:11":11,"s:103:4:103:Infinity":48,"f:107:22:107:34":12,"b:107:59:107:87":5,"s:108:17:108:Infinity":49,"s:109:2:109:Infinity":50,"s:110:2:110:Infinity":51}}}
,"/Users/chi/Projects/claude-browse/src/types.ts": {"path":"/Users/chi/Projects/claude-browse/src/types.ts","statementMap":{},"fnMap":{},"branchMap":{},"s":{},"f":{},"b":{},"meta":{"lastBranch":0,"lastFunction":0,"lastStatement":0,"seen":{}}}
}
